<?xml version="1.0" encoding="UTF-8"?>
<!-- Generated by org.testng.reporters.JUnitReportReporter -->
<testsuite skipped="0" hostname="THR002-AUTO" name="crossBrowser.Amazon" tests="2" failures="0" timestamp="25 Apr 2018 18:51:04 GMT" time="34.401" errors="0">
  <testcase name="hp" time="21.722" classname="crossBrowser.Amazon"/>
  <testcase name="hp" time="12.679" classname="crossBrowser.Amazon"/>
</testsuite> <!-- crossBrowser.Amazon -->
